  pch.cpp
  BezierCurve.cpp
c:\users\liuya\source\repos\hm1\hm1\beziercurve.cpp(72): warning C4018: “<”: 有符号/无符号不匹配
c:\users\liuya\source\repos\hm1\hm1\beziercurve.cpp(78): warning C4018: “<”: 有符号/无符号不匹配
c:\users\liuya\source\repos\hm1\hm1\beziercurve.cpp(96): warning C4018: “<”: 有符号/无符号不匹配
c:\users\liuya\source\repos\hm1\hm1\beziercurve.cpp(101): warning C4018: “<”: 有符号/无符号不匹配
c:\users\liuya\source\repos\hm1\hm1\beziercurve.cpp(123): warning C4018: “<”: 有符号/无符号不匹配
c:\users\liuya\source\repos\hm1\hm1\beziercurve.cpp(145): warning C4018: “<”: 有符号/无符号不匹配
c:\users\liuya\source\repos\hm1\hm1\beziercurve.cpp(174): warning C4018: “<”: 有符号/无符号不匹配
c:\users\liuya\source\repos\hm1\hm1\beziercurve.cpp(154): error C4996: 'fopen': This function or variable may be unsafe. Consider using fopen_s instead. To disable deprecation, use _CRT_SECURE_NO_WARNINGS. See online help for details.
  c:\program files (x86)\windows kits\10\include\10.0.17763.0\ucrt\stdio.h(208): note: 参见“fopen”的声明
c:\users\liuya\source\repos\hm1\hm1\beziercurve.cpp(159): error C4996: 'fscanf': This function or variable may be unsafe. Consider using fscanf_s instead. To disable deprecation, use _CRT_SECURE_NO_WARNINGS. See online help for details.
  c:\program files (x86)\windows kits\10\include\10.0.17763.0\ucrt\stdio.h(1197): note: 参见“fscanf”的声明
c:\users\liuya\source\repos\hm1\hm1\beziercurve.cpp(167): error C4996: 'fscanf': This function or variable may be unsafe. Consider using fscanf_s instead. To disable deprecation, use _CRT_SECURE_NO_WARNINGS. See online help for details.
  c:\program files (x86)\windows kits\10\include\10.0.17763.0\ucrt\stdio.h(1197): note: 参见“fscanf”的声明
  BezierPatch.cpp
c:\users\liuya\source\repos\hm1\hm1\bezierpatch.cpp(22): warning C4018: “<”: 有符号/无符号不匹配
c:\users\liuya\source\repos\hm1\hm1\bezierpatch.cpp(69): warning C4018: “<”: 有符号/无符号不匹配
  BSplineCurve.cpp
c:\users\liuya\source\repos\hm1\hm1\bsplinecurve.cpp(64): warning C4018: “<”: 有符号/无符号不匹配
c:\users\liuya\source\repos\hm1\hm1\bsplinecurve.cpp(70): warning C4018: “<”: 有符号/无符号不匹配
c:\users\liuya\source\repos\hm1\hm1\bsplinecurve.cpp(88): warning C4018: “<”: 有符号/无符号不匹配
c:\users\liuya\source\repos\hm1\hm1\bsplinecurve.cpp(93): warning C4018: “<”: 有符号/无符号不匹配
c:\users\liuya\source\repos\hm1\hm1\bsplinecurve.cpp(99): warning C4018: “<”: 有符号/无符号不匹配
c:\users\liuya\source\repos\hm1\hm1\bsplinecurve.cpp(123): warning C4018: “<”: 有符号/无符号不匹配
c:\users\liuya\source\repos\hm1\hm1\bsplinecurve.cpp(133): warning C4018: “<”: 有符号/无符号不匹配
c:\users\liuya\source\repos\hm1\hm1\bsplinecurve.cpp(161): warning C4018: “<”: 有符号/无符号不匹配
c:\users\liuya\source\repos\hm1\hm1\bsplinecurve.cpp(141): error C4996: 'fopen': This function or variable may be unsafe. Consider using fopen_s instead. To disable deprecation, use _CRT_SECURE_NO_WARNINGS. See online help for details.
  c:\program files (x86)\windows kits\10\include\10.0.17763.0\ucrt\stdio.h(208): note: 参见“fopen”的声明
c:\users\liuya\source\repos\hm1\hm1\bsplinecurve.cpp(146): error C4996: 'fscanf': This function or variable may be unsafe. Consider using fscanf_s instead. To disable deprecation, use _CRT_SECURE_NO_WARNINGS. See online help for details.
  c:\program files (x86)\windows kits\10\include\10.0.17763.0\ucrt\stdio.h(1197): note: 参见“fscanf”的声明
c:\users\liuya\source\repos\hm1\hm1\bsplinecurve.cpp(154): error C4996: 'fscanf': This function or variable may be unsafe. Consider using fscanf_s instead. To disable deprecation, use _CRT_SECURE_NO_WARNINGS. See online help for details.
  c:\program files (x86)\windows kits\10\include\10.0.17763.0\ucrt\stdio.h(1197): note: 参见“fscanf”的声明
  Curve.cpp
  glCanvas.cpp
  hm1.cpp
  matrix.cpp
c:\users\liuya\source\repos\hm1\hm1\matrix.cpp(339): error C4996: 'fscanf': This function or variable may be unsafe. Consider using fscanf_s instead. To disable deprecation, use _CRT_SECURE_NO_WARNINGS. See online help for details.
  c:\program files (x86)\windows kits\10\include\10.0.17763.0\ucrt\stdio.h(1197): note: 参见“fscanf”的声明
c:\users\liuya\source\repos\hm1\hm1\matrix.cpp(352): error C4996: 'fscanf': This function or variable may be unsafe. Consider using fscanf_s instead. To disable deprecation, use _CRT_SECURE_NO_WARNINGS. See online help for details.
  c:\program files (x86)\windows kits\10\include\10.0.17763.0\ucrt\stdio.h(1197): note: 参见“fscanf”的声明
  spline.cpp
  spline_parser.cpp
c:\users\liuya\source\repos\hm1\hm1\spline_parser.cpp(13): error C4996: 'fopen': This function or variable may be unsafe. Consider using fopen_s instead. To disable deprecation, use _CRT_SECURE_NO_WARNINGS. See online help for details.
  c:\program files (x86)\windows kits\10\include\10.0.17763.0\ucrt\stdio.h(208): note: 参见“fopen”的声明
c:\users\liuya\source\repos\hm1\hm1\spline_parser.cpp(200): error C4996: 'fopen': This function or variable may be unsafe. Consider using fopen_s instead. To disable deprecation, use _CRT_SECURE_NO_WARNINGS. See online help for details.
  c:\program files (x86)\windows kits\10\include\10.0.17763.0\ucrt\stdio.h(208): note: 参见“fopen”的声明
c:\users\liuya\source\repos\hm1\hm1\spline_parser.cpp(214): error C4996: 'fopen': This function or variable may be unsafe. Consider using fopen_s instead. To disable deprecation, use _CRT_SECURE_NO_WARNINGS. See online help for details.
  c:\program files (x86)\windows kits\10\include\10.0.17763.0\ucrt\stdio.h(208): note: 参见“fopen”的声明
c:\users\liuya\source\repos\hm1\hm1\spline_parser.cpp(234): error C4996: 'fopen': This function or variable may be unsafe. Consider using fopen_s instead. To disable deprecation, use _CRT_SECURE_NO_WARNINGS. See online help for details.
  c:\program files (x86)\windows kits\10\include\10.0.17763.0\ucrt\stdio.h(208): note: 参见“fopen”的声明
c:\users\liuya\source\repos\hm1\hm1\spline_parser.cpp(246): error C4996: 'fscanf': This function or variable may be unsafe. Consider using fscanf_s instead. To disable deprecation, use _CRT_SECURE_NO_WARNINGS. See online help for details.
  c:\program files (x86)\windows kits\10\include\10.0.17763.0\ucrt\stdio.h(1197): note: 参见“fscanf”的声明
c:\users\liuya\source\repos\hm1\hm1\spline_parser.cpp(257): error C4996: 'fscanf': This function or variable may be unsafe. Consider using fscanf_s instead. To disable deprecation, use _CRT_SECURE_NO_WARNINGS. See online help for details.
  c:\program files (x86)\windows kits\10\include\10.0.17763.0\ucrt\stdio.h(1197): note: 参见“fscanf”的声明
c:\users\liuya\source\repos\hm1\hm1\spline_parser.cpp(268): error C4996: 'fscanf': This function or variable may be unsafe. Consider using fscanf_s instead. To disable deprecation, use _CRT_SECURE_NO_WARNINGS. See online help for details.
  c:\program files (x86)\windows kits\10\include\10.0.17763.0\ucrt\stdio.h(1197): note: 参见“fscanf”的声明
c:\users\liuya\source\repos\hm1\hm1\spline_parser.cpp(279): error C4996: 'fscanf': This function or variable may be unsafe. Consider using fscanf_s instead. To disable deprecation, use _CRT_SECURE_NO_WARNINGS. See online help for details.
  c:\program files (x86)\windows kits\10\include\10.0.17763.0\ucrt\stdio.h(1197): note: 参见“fscanf”的声明
c:\users\liuya\source\repos\hm1\hm1\spline_parser.cpp(290): error C4996: 'fscanf': This function or variable may be unsafe. Consider using fscanf_s instead. To disable deprecation, use _CRT_SECURE_NO_WARNINGS. See online help for details.
  c:\program files (x86)\windows kits\10\include\10.0.17763.0\ucrt\stdio.h(1197): note: 参见“fscanf”的声明
  Surface.cpp
  SurfaceOfRevolution.cpp
c:\users\liuya\source\repos\hm1\hm1\surfaceofrevolution.cpp(38): warning C4018: “<”: 有符号/无符号不匹配
c:\users\liuya\source\repos\hm1\hm1\surfaceofrevolution.cpp(63): warning C4018: “<”: 有符号/无符号不匹配
c:\users\liuya\source\repos\hm1\hm1\surfaceofrevolution.cpp(64): warning C4018: “<”: 有符号/无符号不匹配
c:\users\liuya\source\repos\hm1\hm1\surfaceofrevolution.cpp(82): warning C4018: “<”: 有符号/无符号不匹配
c:\users\liuya\source\repos\hm1\hm1\surfaceofrevolution.cpp(96): warning C4018: “<”: 有符号/无符号不匹配
c:\users\liuya\source\repos\hm1\hm1\surfaceofrevolution.cpp(103): warning C4018: “<”: 有符号/无符号不匹配
c:\users\liuya\source\repos\hm1\hm1\surfaceofrevolution.cpp(117): warning C4018: “<”: 有符号/无符号不匹配
  triangle_mesh.cpp
